<?xml version="1.0" encoding="UTF-8"?>
<testsuites name="jest tests" tests="9" failures="0" time="3.266">
  <testsuite name="icon" errors="0" failures="0" skipped="0" timestamp="2019-07-23T03:08:15" time="1.814" tests="2">
    <testcase classname="icon render success" name="icon render success" time="0.013">
    </testcase>
    <testcase classname="icon onClick" name="icon onClick" time="0.037">
    </testcase>
  </testsuite>
  <testsuite name="button" errors="0" failures="0" skipped="0" timestamp="2019-07-23T03:08:17" time="0.169" tests="1">
    <testcase classname="button 是个 div" name="button 是个 div" time="0.002">
    </testcase>
  </testsuite>
  <testsuite name="我的第一个测试用例" errors="0" failures="0" skipped="0" timestamp="2019-07-23T03:08:17" time="0.141" tests="1">
    <testcase classname="我的第一个测试用例 add(1,2) 等于 3" name="我的第一个测试用例 add(1,2) 等于 3" time="0.002">
    </testcase>
  </testsuite>
  <testsuite name="classes" errors="0" failures="0" skipped="0" timestamp="2019-07-23T03:08:17" time="0.141" tests="5">
    <testcase classname="classes 接受 1个 className" name="classes 接受 1个 className" time="0">
    </testcase>
    <testcase classname="classes 接受 2个 className" name="classes 接受 2个 className" time="0.001">
    </testcase>
    <testcase classname="classes 接受 undefined 结果不会出现 undefined " name="classes 接受 undefined 结果不会出现 undefined " time="0">
    </testcase>
    <testcase classname="classes 接受 各种奇怪的 参数 " name="classes 接受 各种奇怪的 参数 " time="0">
    </testcase>
    <testcase classname="classes 接受 0个 参数 " name="classes 接受 0个 参数 " time="0">
    </testcase>
  </testsuite>
</testsuites>